<?xml version="1.0" encoding="UTF-8"?>
<!-- Generated by org.testng.reporters.JUnitXMLReporter -->
<testsuite ignored="2" hostname="DESKTOP-UEQMKFQ" failures="0" tests="4" name="Base tests" time="29.817" errors="0" timestamp="2022-04-02T21:01:14 YEKT">
  <testcase classname="work.selenium.tests.LoginTest" name="testLogin" time="11.136"/>
  <testcase classname="work.selenium.tests.TasksTest" name="testThatTaskCreated" time="10.111"/>
  <testcase classname="work.selenium.tests.TasksTest" name="testThatTaskCreatedRight" time="0.118"/>
  <testcase classname="work.selenium.tests.TasksTest" name="testThatAssignedUserChangesRight" time="7.117"/>
  <testcase classname="work.selenium.tests.BaseTest" name="@BeforeSuite setUp" time="0.0">
    <ignored/>
  </testcase> <!-- @BeforeSuite setUp -->
  <testcase classname="work.selenium.tests.BaseTest" name="@AfterSuite tearDown" time="0.0">
    <ignored/>
  </testcase> <!-- @AfterSuite tearDown -->
</testsuite> <!-- Base tests -->
