<?xml version="1.0" encoding="UTF-8"?>
<testng-results ignored="2" total="6" passed="4" failed="0" skipped="0">
  <reporter-output>
  </reporter-output>
  <suite started-at="2022-04-02T21:00:44 YEKT" name="All tests" finished-at="2022-04-02T21:01:14 YEKT" duration-ms="29817">
    <groups>
    </groups>
    <test started-at="2022-04-02T21:00:44 YEKT" name="Base tests" finished-at="2022-04-02T21:01:14 YEKT" duration-ms="29817">
      <class name="work.selenium.tests.LoginTest">
        <test-method is-config="true" signature="setUp(java.lang.String,java.lang.String,java.lang.String,java.lang.String,java.lang.String)[pri:0, instance:work.selenium.tests.LoginTest@6ecd665]" started-at="2022-04-02T21:00:24 YEKT" name="setUp" finished-at="2022-04-02T21:00:44 YEKT" duration-ms="19604" status="PASS">
          <params>
            <param index="0">
              <value>
                <![CDATA[WIN10]]>
              </value>
            </param>
            <param index="1">
              <value>
                <![CDATA[chrome]]>
              </value>
            </param>
            <param index="2">
              <value>
                <![CDATA[100]]>
              </value>
            </param>
            <param index="3">
              <value>
                <![CDATA[https://newapp.workflowsoft.com/ru]]>
              </value>
            </param>
            <param index="4">
              <value>
                <![CDATA[true]]>
              </value>
            </param>
          </params>
          <reporter-output>
          </reporter-output>
        </test-method> <!-- setUp -->
        <test-method is-config="true" signature="beforeMethod()[pri:0, instance:work.selenium.tests.LoginTest@6ecd665]" started-at="2022-04-02T21:00:44 YEKT" name="beforeMethod" finished-at="2022-04-02T21:00:44 YEKT" duration-ms="175" status="PASS">
          <reporter-output>
          </reporter-output>
        </test-method> <!-- beforeMethod -->
        <test-method signature="testLogin()[pri:0, instance:work.selenium.tests.LoginTest@6ecd665]" started-at="2022-04-02T21:00:45 YEKT" name="testLogin" finished-at="2022-04-02T21:00:56 YEKT" duration-ms="11136" status="PASS">
          <reporter-output>
          </reporter-output>
        </test-method> <!-- testLogin -->
        <test-method is-config="true" signature="afterMethod(org.testng.ITestResult)[pri:0, instance:work.selenium.tests.LoginTest@6ecd665]" started-at="2022-04-02T21:00:56 YEKT" name="afterMethod" finished-at="2022-04-02T21:00:56 YEKT" duration-ms="2" status="PASS">
          <params>
            <param index="0">
              <value>
                <![CDATA[[TestResult name=testLogin status=SUCCESS method=LoginTest.testLogin()[pri:0, instance:work.selenium.tests.LoginTest@6ecd665] output={null}]]]>
              </value>
            </param>
          </params>
          <reporter-output>
          </reporter-output>
        </test-method> <!-- afterMethod -->
        <test-method is-config="true" signature="tearDown()[pri:0, instance:work.selenium.tests.LoginTest@6ecd665]" started-at="2022-04-02T21:01:14 YEKT" name="tearDown" finished-at="2022-04-02T21:01:15 YEKT" duration-ms="987" status="PASS">
          <reporter-output>
          </reporter-output>
        </test-method> <!-- tearDown -->
      </class> <!-- work.selenium.tests.LoginTest -->
      <class name="work.selenium.tests.TasksTest">
        <test-method is-config="true" signature="beforeClassMethod()[pri:0, instance:work.selenium.tests.TasksTest@5bb8f9e2]" started-at="2022-04-02T21:00:56 YEKT" name="beforeClassMethod" finished-at="2022-04-02T21:00:56 YEKT" duration-ms="4" status="PASS">
          <reporter-output>
          </reporter-output>
        </test-method> <!-- beforeClassMethod -->
        <test-method signature="testThatTaskCreated()[pri:0, instance:work.selenium.tests.TasksTest@5bb8f9e2]" started-at="2022-04-02T21:00:56 YEKT" name="testThatTaskCreated" finished-at="2022-04-02T21:01:06 YEKT" duration-ms="10111" status="PASS">
          <reporter-output>
          </reporter-output>
        </test-method> <!-- testThatTaskCreated -->
        <test-method is-config="true" signature="afterMethod(org.testng.ITestResult)[pri:0, instance:work.selenium.tests.TasksTest@5bb8f9e2]" started-at="2022-04-02T21:01:06 YEKT" name="afterMethod" finished-at="2022-04-02T21:01:06 YEKT" duration-ms="0" status="PASS">
          <params>
            <param index="0">
              <value>
                <![CDATA[[TestResult name=testThatTaskCreated status=SUCCESS method=TasksTest.testThatTaskCreated()[pri:0, instance:work.selenium.tests.TasksTest@5bb8f9e2] output={null}]]]>
              </value>
            </param>
          </params>
          <reporter-output>
          </reporter-output>
        </test-method> <!-- afterMethod -->
        <test-method signature="testThatTaskCreatedRight()[pri:0, instance:work.selenium.tests.TasksTest@5bb8f9e2]" started-at="2022-04-02T21:01:06 YEKT" name="testThatTaskCreatedRight" finished-at="2022-04-02T21:01:07 YEKT" depends-on-methods="work.selenium.tests.TasksTest.testThatTaskCreated" duration-ms="118" status="PASS">
          <reporter-output>
          </reporter-output>
        </test-method> <!-- testThatTaskCreatedRight -->
        <test-method is-config="true" signature="afterMethod(org.testng.ITestResult)[pri:0, instance:work.selenium.tests.TasksTest@5bb8f9e2]" started-at="2022-04-02T21:01:07 YEKT" name="afterMethod" finished-at="2022-04-02T21:01:07 YEKT" duration-ms="1" status="PASS">
          <params>
            <param index="0">
              <value>
                <![CDATA[[TestResult name=testThatTaskCreatedRight status=SUCCESS method=TasksTest.testThatTaskCreatedRight()[pri:0, instance:work.selenium.tests.TasksTest@5bb8f9e2] output={null}]]]>
              </value>
            </param>
          </params>
          <reporter-output>
          </reporter-output>
        </test-method> <!-- afterMethod -->
        <test-method signature="testThatAssignedUserChangesRight()[pri:0, instance:work.selenium.tests.TasksTest@5bb8f9e2]" started-at="2022-04-02T21:01:07 YEKT" name="testThatAssignedUserChangesRight" finished-at="2022-04-02T21:01:14 YEKT" depends-on-methods="work.selenium.tests.TasksTest.testThatTaskCreatedRight" duration-ms="7117" status="PASS">
          <reporter-output>
          </reporter-output>
        </test-method> <!-- testThatAssignedUserChangesRight -->
        <test-method is-config="true" signature="afterMethod(org.testng.ITestResult)[pri:0, instance:work.selenium.tests.TasksTest@5bb8f9e2]" started-at="2022-04-02T21:01:14 YEKT" name="afterMethod" finished-at="2022-04-02T21:01:14 YEKT" duration-ms="1" status="PASS">
          <params>
            <param index="0">
              <value>
                <![CDATA[[TestResult name=testThatAssignedUserChangesRight status=SUCCESS method=TasksTest.testThatAssignedUserChangesRight()[pri:0, instance:work.selenium.tests.TasksTest@5bb8f9e2] output={null}]]]>
              </value>
            </param>
          </params>
          <reporter-output>
          </reporter-output>
        </test-method> <!-- afterMethod -->
      </class> <!-- work.selenium.tests.TasksTest -->
    </test> <!-- Base tests -->
  </suite> <!-- All tests -->
</testng-results>
