<?xml version="1.0" encoding="UTF-8"?>
<testsuite xmlns:xsi="http://www.w3.org/2001/XMLSchema-instance" xsi:noNamespaceSchemaLocation="https://maven.apache.org/surefire/maven-surefire-plugin/xsd/surefire-test-report-3.0.xsd" version="3.0" name="TestSuite" time="18.792" tests="4" errors="0" skipped="2" failures="2">
  <properties>
[...]
</properties>
  <testcase name="testLogin" classname="work.selenium.tests.LoginTest" time="1.239">
    <failure message="Unable to locate element: //input[@type=&apos;email&apos;]&#10;For documentation on this error, please visit: https://selenium.dev/exceptions/#no_such_element&#10;Build info: version: &apos;4.1.1&apos;, revision: &apos;e8fcc2cecf&apos;&#10;System info: host: &apos;DESKTOP-UEQMKFQ&apos;, ip: &apos;192.168.0.9&apos;, os.name: &apos;Windows 10&apos;, os.arch: &apos;amd64&apos;, os.version: &apos;10.0&apos;, java.version: &apos;14.0.2&apos;&#10;Driver info: org.openqa.selenium.firefox.FirefoxDriver&#10;Command: [fde45495-be0b-4d7f-8b9a-9d72030e7bd7, findElement {using=xpath, value=//input[@type=&apos;email&apos;]}]&#10;Capabilities {acceptInsecureCerts: true, browserName: firefox, browserVersion: 98.0.2, javascriptEnabled: true, moz:accessibilityChecks: false, moz:buildID: 20220322144853, moz:debuggerAddress: localhost:49415, moz:geckodriverVersion: 0.30.0, moz:headless: false, moz:processID: 15164, moz:profile: C:\Users\User\AppData\Local..., moz:shutdownTimeout: 60000, moz:useNonSpecCompliantPointerOrigin: false, moz:webdriverClick: true, pageLoadStrategy: normal, platform: WINDOWS, platformName: WINDOWS, platformVersion: 10.0, proxy: Proxy(), se:cdp: ws://localhost:49415/devtoo..., se:cdpVersion: 85, setWindowRect: true, strictFileInteractability: false, timeouts: {implicit: 0, pageLoad: 300000, script: 30000}, unhandledPromptBehavior: dismiss and notify}&#10;Session ID: fde45495-be0b-4d7f-8b9a-9d72030e7bd7" type="org.openqa.selenium.NoSuchElementException"><![CDATA[org.openqa.selenium.NoSuchElementException: 
Unable to locate element: //input[@type='email']
For documentation on this error, please visit: https://selenium.dev/exceptions/#no_such_element
Build info: version: '4.1.1', revision: 'e8fcc2cecf'
System info: host: 'DESKTOP-UEQMKFQ', ip: '192.168.0.9', os.name: 'Windows 10', os.arch: 'amd64', os.version: '10.0', java.version: '14.0.2'
Driver info: org.openqa.selenium.firefox.FirefoxDriver
Command: [fde45495-be0b-4d7f-8b9a-9d72030e7bd7, findElement {using=xpath, value=//input[@type='email']}]
Capabilities {acceptInsecureCerts: true, browserName: firefox, browserVersion: 98.0.2, javascriptEnabled: true, moz:accessibilityChecks: false, moz:buildID: 20220322144853, moz:debuggerAddress: localhost:49415, moz:geckodriverVersion: 0.30.0, moz:headless: false, moz:processID: 15164, moz:profile: C:\Users\User\AppData\Local..., moz:shutdownTimeout: 60000, moz:useNonSpecCompliantPointerOrigin: false, moz:webdriverClick: true, pageLoadStrategy: normal, platform: WINDOWS, platformName: WINDOWS, platformVersion: 10.0, proxy: Proxy(), se:cdp: ws://localhost:49415/devtoo..., se:cdpVersion: 85, setWindowRect: true, strictFileInteractability: false, timeouts: {implicit: 0, pageLoad: 300000, script: 30000}, unhandledPromptBehavior: dismiss and notify}
Session ID: fde45495-be0b-4d7f-8b9a-9d72030e7bd7
	at work.selenium.tests.LoginTest.testLogin(LoginTest.java:20)
]]></failure>
    <system-out><![CDATA[[Configuration] [WARN] Detected a static method [work.selenium.tests.BaseTest.setUp()]. Static configuration methods can cause  unexpected behavior.
[Configuration] [WARN] Detected a static method [work.selenium.tests.BaseTest.tearDown()]. Static configuration methods can cause  unexpected behavior.
[Configuration] [WARN] Detected a static method [work.selenium.tests.BaseTest.afterMethod()]. Static configuration methods can cause  unexpected behavior.
[Configuration] [WARN] Detected a static method [work.selenium.tests.BaseTest.setUp()]. Static configuration methods can cause  unexpected behavior.
[Configuration] [WARN] Detected a static method [work.selenium.tests.BaseTest.tearDown()]. Static configuration methods can cause  unexpected behavior.
[Configuration] [WARN] Detected a static method [work.selenium.tests.BaseTest.afterMethod()]. Static configuration methods can cause  unexpected behavior.
]]></system-out>
    <system-err><![CDATA[SLF4J: Failed to load class "org.slf4j.impl.StaticLoggerBinder".
SLF4J: Defaulting to no-operation (NOP) logger implementation
SLF4J: See http://www.slf4j.org/codes.html#StaticLoggerBinder for further details.
ERROR StatusLogger Log4j2 could not find a logging implementation. Please add log4j-core to the classpath. Using SimpleLogger to log to the console...
1648804607528	geckodriver	INFO	Listening on 127.0.0.1:51062
1648804608859	mozrunner::runner	INFO	Running command: "C:\\Program Files\\Mozilla Firefox\\firefox.exe" "--marionette" "--remote-debugging-port" "49415" "-no-remote" "-profile" "C:\\Users\\User\\AppData\\Local\\Temp\\rust_mozprofilePo5hL6"
1648804609329	Marionette	INFO	Marionette enabled
console.warn: SearchSettings: "get: No settings file exists, new profile?" (new NotFoundError("Could not open the file at C:\\Users\\User\\AppData\\Local\\Temp\\rust_mozprofilePo5hL6\\search.json.mozlz4", (void 0)))
DevTools listening on ws://localhost:49415/devtools/browser/b6a6d232-f02d-464e-9206-9449274914ba
1648804612534	Marionette	INFO	Listening on port 53492
1648804612582	RemoteAgent	WARN	TLS certificate errors will be ignored for this session
апр. 01, 2022 2:16:52 PM org.openqa.selenium.remote.ProtocolHandshake createSession
INFO: Detected dialect: W3C
]]></system-err>
  </testcase>
  <testcase name="testThatTaskCreated" classname="work.selenium.tests.TasksTest" time="0.019">
    <failure message="Unable to locate element: //div[@class=&apos;TasksMenu_container_ZlIEU&apos;]/button&#10;For documentation on this error, please visit: https://selenium.dev/exceptions/#no_such_element&#10;Build info: version: &apos;4.1.1&apos;, revision: &apos;e8fcc2cecf&apos;&#10;System info: host: &apos;DESKTOP-UEQMKFQ&apos;, ip: &apos;192.168.0.9&apos;, os.name: &apos;Windows 10&apos;, os.arch: &apos;amd64&apos;, os.version: &apos;10.0&apos;, java.version: &apos;14.0.2&apos;&#10;Driver info: org.openqa.selenium.firefox.FirefoxDriver&#10;Command: [fde45495-be0b-4d7f-8b9a-9d72030e7bd7, findElement {using=xpath, value=//div[@class=&apos;TasksMenu_container_ZlIEU&apos;]/button}]&#10;Capabilities {acceptInsecureCerts: true, browserName: firefox, browserVersion: 98.0.2, javascriptEnabled: true, moz:accessibilityChecks: false, moz:buildID: 20220322144853, moz:debuggerAddress: localhost:49415, moz:geckodriverVersion: 0.30.0, moz:headless: false, moz:processID: 15164, moz:profile: C:\Users\User\AppData\Local..., moz:shutdownTimeout: 60000, moz:useNonSpecCompliantPointerOrigin: false, moz:webdriverClick: true, pageLoadStrategy: normal, platform: WINDOWS, platformName: WINDOWS, platformVersion: 10.0, proxy: Proxy(), se:cdp: ws://localhost:49415/devtoo..., se:cdpVersion: 85, setWindowRect: true, strictFileInteractability: false, timeouts: {implicit: 0, pageLoad: 300000, script: 30000}, unhandledPromptBehavior: dismiss and notify}&#10;Session ID: fde45495-be0b-4d7f-8b9a-9d72030e7bd7" type="org.openqa.selenium.NoSuchElementException"><![CDATA[org.openqa.selenium.NoSuchElementException: 
Unable to locate element: //div[@class='TasksMenu_container_ZlIEU']/button
For documentation on this error, please visit: https://selenium.dev/exceptions/#no_such_element
Build info: version: '4.1.1', revision: 'e8fcc2cecf'
System info: host: 'DESKTOP-UEQMKFQ', ip: '192.168.0.9', os.name: 'Windows 10', os.arch: 'amd64', os.version: '10.0', java.version: '14.0.2'
Driver info: org.openqa.selenium.firefox.FirefoxDriver
Command: [fde45495-be0b-4d7f-8b9a-9d72030e7bd7, findElement {using=xpath, value=//div[@class='TasksMenu_container_ZlIEU']/button}]
Capabilities {acceptInsecureCerts: true, browserName: firefox, browserVersion: 98.0.2, javascriptEnabled: true, moz:accessibilityChecks: false, moz:buildID: 20220322144853, moz:debuggerAddress: localhost:49415, moz:geckodriverVersion: 0.30.0, moz:headless: false, moz:processID: 15164, moz:profile: C:\Users\User\AppData\Local..., moz:shutdownTimeout: 60000, moz:useNonSpecCompliantPointerOrigin: false, moz:webdriverClick: true, pageLoadStrategy: normal, platform: WINDOWS, platformName: WINDOWS, platformVersion: 10.0, proxy: Proxy(), se:cdp: ws://localhost:49415/devtoo..., se:cdpVersion: 85, setWindowRect: true, strictFileInteractability: false, timeouts: {implicit: 0, pageLoad: 300000, script: 30000}, unhandledPromptBehavior: dismiss and notify}
Session ID: fde45495-be0b-4d7f-8b9a-9d72030e7bd7
	at work.selenium.tests.TasksTest.testThatTaskCreated(TasksTest.java:20)
]]></failure>
    <system-out><![CDATA[Screen wrote. C:\Users\User\IdeaProjects\selenium_main/src/screenshots/testLogin_04.01 14-16-59.jpg
]]></system-out>
  </testcase>
  <testcase name="testThatTaskCreatedRight" classname="work.selenium.tests.TasksTest" time="0">
    <skipped message="Method TasksTest.testThatTaskCreatedRight()[pri:0, instance:work.selenium.tests.TasksTest@710d7aff] depends on not successfully finished methods"/>
    <system-out><![CDATA[Screen wrote. C:\Users\User\IdeaProjects\selenium_main/src/screenshots/testThatTaskCreated_04.01 14-16-59.jpg
]]></system-out>
  </testcase>
  <testcase name="testThatAssignedUserChangesRight" classname="work.selenium.tests.TasksTest" time="0">
    <skipped message="Method TasksTest.testThatAssignedUserChangesRight()[pri:0, instance:work.selenium.tests.TasksTest@710d7aff] depends on not successfully finished methods"/>
  </testcase>
</testsuite>